<?xml version="1.0" encoding="UTF-8"?>
<!-- Generated by org.testng.reporters.JUnitReportReporter -->
<testsuite hostname="DESKTOP-IIN1NQL" failures="0" tests="2" name="demo.EmailValidatorTest" time="0.022" errors="0" timestamp="2020-05-16T12:04:49 IST" skipped="0">
  <testcase classname="demo.EmailValidatorTest" name="invalidUsername" time="0.007"/>
  <system-out/>
  <testcase classname="demo.EmailValidatorTest" name="validUsername" time="0.015"/>
  <system-out/>
</testsuite> <!-- demo.EmailValidatorTest -->
