<?xml version="1.0" encoding="UTF-8"?>
<!-- Generated by org.testng.reporters.JUnitReportReporter -->
<testsuite hostname="DESKTOP-IIN1NQL" failures="0" tests="4" name="demo.TestBlog" time="9.988" errors="0" timestamp="2020-05-06T20:35:47 IST" skipped="1">
  <testcase classname="demo.TestBlog" name="getTitle" time="0.188"/>
  <system-out/>
  <testcase classname="demo.TestBlog" name="CheckLinksTitle" time="1.579"/>
  <system-out/>
  <testcase classname="demo.TestBlog" name="searchResult" time="8.221"/>
  <system-out/>
  <testcase classname="demo.TestBlog" name="disabled">
    <skipped/>
  </testcase> <!-- disabled -->
  <system-out/>
</testsuite> <!-- demo.TestBlog -->
