<?xml version="1.0" encoding="UTF-8"?>
<!-- Generated by org.testng.reporters.JUnitReportReporter -->
<testsuite hostname="DESKTOP-IIN1NQL" failures="0" tests="3" name="demo.Grouping" time="0.025" errors="0" timestamp="2020-05-06T18:42:56 IST" skipped="0">
  <testcase classname="demo.Grouping" name="FirstTest" time="0.020"/>
  <system-out/>
  <testcase classname="demo.Grouping" name="SecondTest" time="0.002"/>
  <system-out/>
  <testcase classname="demo.Grouping" name="ThirdTest" time="0.003"/>
  <system-out/>
</testsuite> <!-- demo.Grouping -->
