<?xml version="1.0" encoding="UTF-8"?>
<!-- Generated by org.testng.reporters.JUnitReportReporter -->
<testsuite hostname="DESKTOP-IIN1NQL" failures="0" tests="2" name="demo.FizzTest" time="0.020" errors="0" timestamp="2020-05-16T10:14:52 IST" skipped="0">
  <testcase classname="demo.FizzTest" name="fizztest" time="0.018"/>
  <system-out/>
  <testcase classname="demo.FizzTest" name="run" time="0.002"/>
  <system-out/>
</testsuite> <!-- demo.FizzTest -->
