<?xml version="1.0" encoding="UTF-8"?>
<!-- Generated by org.testng.reporters.JUnitReportReporter -->
<testsuite hostname="DESKTOP-IIN1NQL" failures="0" tests="3" name="demo.Dependency" time="0.016" errors="0" timestamp="2020-05-06T18:35:33 IST" skipped="0">
  <testcase classname="demo.Dependency" name="SecondTest" time="0.003"/>
  <system-out/>
  <testcase classname="demo.Dependency" name="FinalTest" time="0.002"/>
  <system-out/>
  <testcase classname="demo.Dependency" name="FirstTest" time="0.011"/>
  <system-out/>
</testsuite> <!-- demo.Dependency -->
